<?xml version="1.0" encoding="UTF-8"?>
<!-- Generated by org.testng.reporters.JUnitReportReporter -->
<testsuite hostname="ATMECSINLT-085" failures="0" tests="2" name="org.atmecs.utils.flight_ticket.AppTest" time="27.877" errors="0" timestamp="03 Sep 2019 13:39:42 GMT" skipped="0">
  <testcase classname="org.atmecs.utils.flight_ticket.AppTest" name="flightticket" time="27.873"/>
  <testcase classname="org.atmecs.utils.flight_ticket.AppTest" name="testApp" time="0.004"/>
</testsuite> <!-- org.atmecs.utils.flight_ticket.AppTest -->
